{
  "stats": {
    "suites": 6,
    "tests": 20,
    "passes": 20,
    "pending": 0,
    "failures": 0,
    "start": "2021-03-08T07:58:42.706Z",
    "end": "2021-03-08T07:58:43.536Z",
    "duration": 830,
    "testsRegistered": 20,
    "passPercent": 100,
    "pendingPercent": 0,
    "other": 0,
    "hasOther": false,
    "skipped": 0,
    "hasSkipped": false
  },
  "results": [
    {
      "uuid": "313028ca-70eb-4760-b857-eadfe13f0c02",
      "title": "",
      "fullFile": "",
      "file": "",
      "beforeHooks": [],
      "afterHooks": [],
      "tests": [],
      "suites": [
        {
          "uuid": "ad9972d2-0aa8-4c27-b900-50f6aeab28f5",
          "title": "VALID TEST SCENARIOS",
          "fullFile": "/Users/mayureshkelhar/Documents/order-api/OrderFlow/test/orderflow.js",
          "file": "/test/orderflow.js",
          "beforeHooks": [],
          "afterHooks": [],
          "tests": [],
          "suites": [
            {
              "uuid": "7523e93e-3e22-4922-add3-827e174875de",
              "title": "CREATE AND COMPLETE ORDER",
              "fullFile": "/Users/mayureshkelhar/Documents/order-api/OrderFlow/test/orderflow.js",
              "file": "/test/orderflow.js",
              "beforeHooks": [],
              "afterHooks": [],
              "tests": [
                {
                  "title": "POST/ Order is CREATED",
                  "fullTitle": "VALID TEST SCENARIOS CREATE AND COMPLETE ORDER POST/ Order is CREATED",
                  "timedOut": false,
                  "duration": 334,
                  "state": "passed",
                  "speed": "slow",
                  "pass": true,
                  "fail": false,
                  "pending": false,
                  "context": null,
                  "code": "var data = {\n  stops: [{\n    \"lat\": 22.344674,\n    \"lng\": 114.124651\n  }, {\n    \"lat\": 22.375384,\n    \"lng\": 114.182446\n  }, {\n    \"lat\": 22.385669,\n    \"lng\": 114.186962\n  }]\n};\nreturn request.post('orders').send(data).then(function (res) {\n  (0, _chai.expect)(res.status).is.equal(201);\n  (0, _chai.expect)(res.body.id).is.not[\"null\"];\n  (0, _chai.expect)(res.body.drivingDistance).is.not[\"null\"];\n  (0, _chai.expect)(res.body.fare.amount).is.not[\"null\"];\n  (0, _chai.expect)(res.body.fare.currency).is.not[\"null\"];\n  _constant.orderData.orderid = res.body.id;\n  _constant.orderData.drivingDistance = res.body.drivingDistancesInMeters;\n  _constant.orderData.amount = res.body.fare.amount;\n  _constant.orderData.currency = res.body.fare.currency;\n});",
                  "err": {},
                  "uuid": "65c471aa-2a22-4e4d-816f-66ea5cfd334d",
                  "parentUUID": "7523e93e-3e22-4922-add3-827e174875de",
                  "isHook": false,
                  "skipped": false
                },
                {
                  "title": "GET/ Order is ASSIGNED",
                  "fullTitle": "VALID TEST SCENARIOS CREATE AND COMPLETE ORDER GET/ Order is ASSIGNED",
                  "timedOut": false,
                  "duration": 10,
                  "state": "passed",
                  "speed": "fast",
                  "pass": true,
                  "fail": false,
                  "pending": false,
                  "context": null,
                  "code": "return request.get(\"orders/\".concat(_constant.orderData.orderid)).then(function (res) {\n  (0, _chai.expect)(res.status).is.equal(200);\n  (0, _chai.expect)(res.body.id).is.equal(_constant.orderData.orderid);\n  for (var distanceParams = 0; distanceParams < _constant.orderData.drivingDistance.length; distanceParams++) {\n    (0, _chai.expect)(res.body.drivingDistancesInMeters[distanceParams]).is.equal(_constant.orderData.drivingDistance[distanceParams]);\n  }\n  (0, _chai.expect)(res.body.fare.amount).is.equal(_constant.orderData.amount);\n  (0, _chai.expect)(res.body.fare.currency).is.equal(_constant.orderData.currency);\n  (0, _chai.expect)(res.body.status).is.equal(\"ASSIGNING\");\n  _constant.orderData.createdDate = res.body.createdTime;\n  _constant.orderData.orderDate = res.body.orderDateTime;\n  (0, _chai.expect)((0, _calculateFare.faresIsEqual)()).to.be[\"true\"];\n});",
                  "err": {},
                  "uuid": "ac12844b-667a-4228-a539-3e3d7d517e92",
                  "parentUUID": "7523e93e-3e22-4922-add3-827e174875de",
                  "isHook": false,
                  "skipped": false
                },
                {
                  "title": "PUT/ Order is ONGOING",
                  "fullTitle": "VALID TEST SCENARIOS CREATE AND COMPLETE ORDER PUT/ Order is ONGOING",
                  "timedOut": false,
                  "duration": 8,
                  "state": "passed",
                  "speed": "fast",
                  "pass": true,
                  "fail": false,
                  "pending": false,
                  "context": null,
                  "code": "return request.put(\"orders/\".concat(_constant.orderData.orderid, \"/take\")).then(function (res) {\n  (0, _chai.expect)(res.status).is.equal(200);\n  (0, _chai.expect)(res.body.id).is.equal(_constant.orderData.orderid);\n  (0, _chai.expect)(res.body.status).is.equal(\"ONGOING\");\n  (0, _chai.expect)(res.body.ongoingTime).is.not[\"null\"];\n});",
                  "err": {},
                  "uuid": "2c728365-4afc-4662-9e17-dc89bd829a90",
                  "parentUUID": "7523e93e-3e22-4922-add3-827e174875de",
                  "isHook": false,
                  "skipped": false
                },
                {
                  "title": "PUT/ Order is COMPLETED ",
                  "fullTitle": "VALID TEST SCENARIOS CREATE AND COMPLETE ORDER PUT/ Order is COMPLETED ",
                  "timedOut": false,
                  "duration": 6,
                  "state": "passed",
                  "speed": "fast",
                  "pass": true,
                  "fail": false,
                  "pending": false,
                  "context": null,
                  "code": "return request.put(\"orders/\".concat(_constant.orderData.orderid, \"/complete\")).then(function (res) {\n  (0, _chai.expect)(res.status).is.equal(200);\n  (0, _chai.expect)(res.body.id).is.equal(_constant.orderData.orderid);\n  (0, _chai.expect)(res.body.status).is.equal(\"COMPLETED\");\n  (0, _chai.expect)(res.body.completedAt).is.not[\"null\"];\n});",
                  "err": {},
                  "uuid": "8a476fd4-6987-4316-94ab-f5e790209dc0",
                  "parentUUID": "7523e93e-3e22-4922-add3-827e174875de",
                  "isHook": false,
                  "skipped": false
                }
              ],
              "suites": [],
              "passes": [
                "65c471aa-2a22-4e4d-816f-66ea5cfd334d",
                "ac12844b-667a-4228-a539-3e3d7d517e92",
                "2c728365-4afc-4662-9e17-dc89bd829a90",
                "8a476fd4-6987-4316-94ab-f5e790209dc0"
              ],
              "failures": [],
              "pending": [],
              "skipped": [],
              "duration": 358,
              "root": false,
              "rootEmpty": false,
              "_timeout": 2000
            },
            {
              "uuid": "b3b895f6-11ed-4a66-ad18-8b31fbf23b34",
              "title": "CANCELLED the ASSIGNED order",
              "fullFile": "/Users/mayureshkelhar/Documents/order-api/OrderFlow/test/orderflow.js",
              "file": "/test/orderflow.js",
              "beforeHooks": [],
              "afterHooks": [],
              "tests": [
                {
                  "title": "POST/ Order is CREATED",
                  "fullTitle": "VALID TEST SCENARIOS CANCELLED the ASSIGNED order POST/ Order is CREATED",
                  "timedOut": false,
                  "duration": 101,
                  "state": "passed",
                  "speed": "slow",
                  "pass": true,
                  "fail": false,
                  "pending": false,
                  "context": null,
                  "code": "var data = {\n  stops: [{\n    \"lat\": 22.344674,\n    \"lng\": 114.124651\n  }, {\n    \"lat\": 22.375384,\n    \"lng\": 114.182446\n  }]\n};\nreturn request.post('orders').send(data).then(function (res) {\n  (0, _chai.expect)(res.status).is.equal(201);\n  (0, _chai.expect)(res.body.id).is.not[\"null\"];\n  _constant.orderData.orderid = res.body.id;\n});",
                  "err": {},
                  "uuid": "0c7e35ae-f7e9-4430-976f-02e83da4d59e",
                  "parentUUID": "b3b895f6-11ed-4a66-ad18-8b31fbf23b34",
                  "isHook": false,
                  "skipped": false
                },
                {
                  "title": "GET/ Order is ASSIGNED",
                  "fullTitle": "VALID TEST SCENARIOS CANCELLED the ASSIGNED order GET/ Order is ASSIGNED",
                  "timedOut": false,
                  "duration": 7,
                  "state": "passed",
                  "speed": "fast",
                  "pass": true,
                  "fail": false,
                  "pending": false,
                  "context": null,
                  "code": "return request.get(\"orders/\".concat(_constant.orderData.orderid)).then(function (res) {\n  (0, _chai.expect)(res.status).is.equal(200);\n  (0, _chai.expect)(res.body.id).is.equal(_constant.orderData.orderid);\n  (0, _chai.expect)(res.body.status).is.equal(\"ASSIGNING\");\n});",
                  "err": {},
                  "uuid": "1efd54ed-7d22-4be0-acce-46b2589acc8c",
                  "parentUUID": "b3b895f6-11ed-4a66-ad18-8b31fbf23b34",
                  "isHook": false,
                  "skipped": false
                },
                {
                  "title": "PUT/ Order is ASSIGNED-->CANCELLED",
                  "fullTitle": "VALID TEST SCENARIOS CANCELLED the ASSIGNED order PUT/ Order is ASSIGNED-->CANCELLED",
                  "timedOut": false,
                  "duration": 11,
                  "state": "passed",
                  "speed": "fast",
                  "pass": true,
                  "fail": false,
                  "pending": false,
                  "context": null,
                  "code": "return request.put(\"orders/\".concat(_constant.orderData.orderid, \"/cancel\")).then(function (res) {\n  (0, _chai.expect)(res.status).is.equal(200);\n  (0, _chai.expect)(res.body.id).is.equal(_constant.orderData.orderid);\n  (0, _chai.expect)(res.body.status).is.equal(\"CANCELLED\");\n  (0, _chai.expect)(res.body.cancelledAt).is.not[\"null\"];\n});",
                  "err": {},
                  "uuid": "f653a86a-063e-4562-a8ca-e9b754e5a1e2",
                  "parentUUID": "b3b895f6-11ed-4a66-ad18-8b31fbf23b34",
                  "isHook": false,
                  "skipped": false
                }
              ],
              "suites": [],
              "passes": [
                "0c7e35ae-f7e9-4430-976f-02e83da4d59e",
                "1efd54ed-7d22-4be0-acce-46b2589acc8c",
                "f653a86a-063e-4562-a8ca-e9b754e5a1e2"
              ],
              "failures": [],
              "pending": [],
              "skipped": [],
              "duration": 119,
              "root": false,
              "rootEmpty": false,
              "_timeout": 2000
            },
            {
              "uuid": "559a72eb-337b-495a-99ba-4edbefbdd126",
              "title": "CANCELLED the ONGOING order",
              "fullFile": "/Users/mayureshkelhar/Documents/order-api/OrderFlow/test/orderflow.js",
              "file": "/test/orderflow.js",
              "beforeHooks": [],
              "afterHooks": [],
              "tests": [
                {
                  "title": "POST/ Order is CREATED",
                  "fullTitle": "VALID TEST SCENARIOS CANCELLED the ONGOING order POST/ Order is CREATED",
                  "timedOut": false,
                  "duration": 98,
                  "state": "passed",
                  "speed": "slow",
                  "pass": true,
                  "fail": false,
                  "pending": false,
                  "context": null,
                  "code": "var data = {\n  stops: [{\n    \"lat\": 22.344674,\n    \"lng\": 114.124651\n  }, {\n    \"lat\": 22.375384,\n    \"lng\": 114.182446\n  }]\n};\nreturn request.post('orders').send(data).then(function (res) {\n  (0, _chai.expect)(res.status).is.equal(201);\n  (0, _chai.expect)(res.body.id).is.not[\"null\"];\n  _constant.orderData.orderid = res.body.id;\n});",
                  "err": {},
                  "uuid": "deb35a63-ada1-460d-bc88-71b15f8321fc",
                  "parentUUID": "559a72eb-337b-495a-99ba-4edbefbdd126",
                  "isHook": false,
                  "skipped": false
                },
                {
                  "title": "GET/ Order is ASSIGNED",
                  "fullTitle": "VALID TEST SCENARIOS CANCELLED the ONGOING order GET/ Order is ASSIGNED",
                  "timedOut": false,
                  "duration": 5,
                  "state": "passed",
                  "speed": "fast",
                  "pass": true,
                  "fail": false,
                  "pending": false,
                  "context": null,
                  "code": "return request.get(\"orders/\".concat(_constant.orderData.orderid)).then(function (res) {\n  (0, _chai.expect)(res.status).is.equal(200);\n  (0, _chai.expect)(res.body.id).is.equal(_constant.orderData.orderid);\n  (0, _chai.expect)(res.body.status).is.equal(\"ASSIGNING\");\n});",
                  "err": {},
                  "uuid": "ce9b8b29-ed98-4251-b427-5de160f99a0d",
                  "parentUUID": "559a72eb-337b-495a-99ba-4edbefbdd126",
                  "isHook": false,
                  "skipped": false
                },
                {
                  "title": "PUT/ Order is ONGOING",
                  "fullTitle": "VALID TEST SCENARIOS CANCELLED the ONGOING order PUT/ Order is ONGOING",
                  "timedOut": false,
                  "duration": 10,
                  "state": "passed",
                  "speed": "fast",
                  "pass": true,
                  "fail": false,
                  "pending": false,
                  "context": null,
                  "code": "return request.put(\"orders/\".concat(_constant.orderData.orderid, \"/take\")).then(function (res) {\n  (0, _chai.expect)(res.status).is.equal(200);\n  (0, _chai.expect)(res.body.id).is.equal(_constant.orderData.orderid);\n  (0, _chai.expect)(res.body.status).is.equal(\"ONGOING\");\n  (0, _chai.expect)(res.body.ongoingTime).is.not[\"null\"];\n});",
                  "err": {},
                  "uuid": "ecffc5a9-01e3-48bb-b671-1c37706f4191",
                  "parentUUID": "559a72eb-337b-495a-99ba-4edbefbdd126",
                  "isHook": false,
                  "skipped": false
                },
                {
                  "title": "PUT/ Order is ONGOING->CANCELLED",
                  "fullTitle": "VALID TEST SCENARIOS CANCELLED the ONGOING order PUT/ Order is ONGOING->CANCELLED",
                  "timedOut": false,
                  "duration": 10,
                  "state": "passed",
                  "speed": "fast",
                  "pass": true,
                  "fail": false,
                  "pending": false,
                  "context": null,
                  "code": "return request.put(\"orders/\".concat(_constant.orderData.orderid, \"/cancel\")).then(function (res) {\n  (0, _chai.expect)(res.status).is.equal(200);\n  (0, _chai.expect)(res.body.id).is.equal(_constant.orderData.orderid);\n  (0, _chai.expect)(res.body.status).is.equal(\"CANCELLED\");\n  (0, _chai.expect)(res.body.cancelledAt).is.not[\"null\"];\n});",
                  "err": {},
                  "uuid": "5edba9d3-cb4a-4d0e-838d-b2c49a09b707",
                  "parentUUID": "559a72eb-337b-495a-99ba-4edbefbdd126",
                  "isHook": false,
                  "skipped": false
                }
              ],
              "suites": [],
              "passes": [
                "deb35a63-ada1-460d-bc88-71b15f8321fc",
                "ce9b8b29-ed98-4251-b427-5de160f99a0d",
                "ecffc5a9-01e3-48bb-b671-1c37706f4191",
                "5edba9d3-cb4a-4d0e-838d-b2c49a09b707"
              ],
              "failures": [],
              "pending": [],
              "skipped": [],
              "duration": 123,
              "root": false,
              "rootEmpty": false,
              "_timeout": 2000
            }
          ],
          "passes": [],
          "failures": [],
          "pending": [],
          "skipped": [],
          "duration": 0,
          "root": false,
          "rootEmpty": false,
          "_timeout": 2000
        },
        {
          "uuid": "c3d726a1-3539-422c-beb2-d61894f64afb",
          "title": "CREATE ADVANCE ORDER",
          "fullFile": "/Users/mayureshkelhar/Documents/order-api/OrderFlow/test/orderflow.js",
          "file": "/test/orderflow.js",
          "beforeHooks": [],
          "afterHooks": [],
          "tests": [
            {
              "title": "POST/ Order is CREATED",
              "fullTitle": "CREATE ADVANCE ORDER POST/ Order is CREATED",
              "timedOut": false,
              "duration": 98,
              "state": "passed",
              "speed": "slow",
              "pass": true,
              "fail": false,
              "pending": false,
              "context": null,
              "code": "var data = {\n  orderAt: _constant.advanceDate,\n  stops: [{\n    \"lat\": 22.344674,\n    \"lng\": 114.124651\n  }, {\n    \"lat\": 22.375384,\n    \"lng\": 114.182446\n  }]\n};\nreturn request.post('orders').send(data).then(function (res) {\n  (0, _chai.expect)(res.status).is.equal(201);\n  (0, _chai.expect)(res.body.id).is.not[\"null\"];\n  (0, _chai.expect)(res.body.drivingDistance).is.not[\"null\"];\n  (0, _chai.expect)(res.body.fare.amount).is.not[\"null\"];\n  (0, _chai.expect)(res.body.fare.currency).is.not[\"null\"];\n  _constant.orderData.orderid = res.body.id;\n  _constant.orderData.drivingDistance = res.body.drivingDistancesInMeters;\n  _constant.orderData.amount = res.body.fare.amount;\n  _constant.orderData.currency = res.body.fare.currency;\n});",
              "err": {},
              "uuid": "86811c89-8d27-494b-8d56-fbeef951aca4",
              "parentUUID": "c3d726a1-3539-422c-beb2-d61894f64afb",
              "isHook": false,
              "skipped": false
            },
            {
              "title": "GET/ Order is ASSIGNED",
              "fullTitle": "CREATE ADVANCE ORDER GET/ Order is ASSIGNED",
              "timedOut": false,
              "duration": 9,
              "state": "passed",
              "speed": "fast",
              "pass": true,
              "fail": false,
              "pending": false,
              "context": null,
              "code": "return request.get(\"orders/\".concat(_constant.orderData.orderid)).then(function (res) {\n  (0, _chai.expect)(res.status).is.equal(200);\n  (0, _chai.expect)(res.body.id).is.equal(_constant.orderData.orderid);\n  for (var distanceParams = 0; distanceParams < _constant.orderData.drivingDistance.length; distanceParams++) {\n    (0, _chai.expect)(res.body.drivingDistancesInMeters[distanceParams]).is.equal(_constant.orderData.drivingDistance[distanceParams]);\n  }\n  (0, _chai.expect)(res.body.fare.amount).is.equal(_constant.orderData.amount);\n  (0, _chai.expect)(res.body.fare.currency).is.equal(_constant.orderData.currency);\n  (0, _chai.expect)(res.body.status).is.equal(\"ASSIGNING\");\n  _constant.orderData.createdDate = res.body.createdTime;\n  _constant.orderData.orderDate = res.body.orderDateTime;\n  (0, _chai.expect)((0, _calculateFare.faresIsEqual)()).to.be[\"true\"];\n});",
              "err": {},
              "uuid": "f3907cf9-10be-4bb7-a189-6a610e7f7493",
              "parentUUID": "c3d726a1-3539-422c-beb2-d61894f64afb",
              "isHook": false,
              "skipped": false
            }
          ],
          "suites": [],
          "passes": [
            "86811c89-8d27-494b-8d56-fbeef951aca4",
            "f3907cf9-10be-4bb7-a189-6a610e7f7493"
          ],
          "failures": [],
          "pending": [],
          "skipped": [],
          "duration": 107,
          "root": false,
          "rootEmpty": false,
          "_timeout": 2000
        },
        {
          "uuid": "1aca2a69-8c28-40b0-b1ad-576632f26a49",
          "title": "ERROR CASES/ INVALID SCENARIOS",
          "fullFile": "/Users/mayureshkelhar/Documents/order-api/OrderFlow/test/orderflow.js",
          "file": "/test/orderflow.js",
          "beforeHooks": [],
          "afterHooks": [],
          "tests": [
            {
              "title": "POST/ Back dated order should not created",
              "fullTitle": "ERROR CASES/ INVALID SCENARIOS POST/ Back dated order should not created",
              "timedOut": false,
              "duration": 5,
              "state": "passed",
              "speed": "fast",
              "pass": true,
              "fail": false,
              "pending": false,
              "context": null,
              "code": "var data = {\n  orderAt: \"2020-04-01T15:00:00.000Z\",\n  stops: [{\n    \"lat\": 22.344674,\n    \"lng\": 114.124651\n  }, {\n    \"lat\": 22.375384,\n    \"lng\": 114.182446\n  }]\n};\nreturn request.post('orders').send(data).then(function (res) {\n  (0, _chai.expect)(res.status).is.equal(400);\n  (0, _chai.expect)(res.body.message).is.equal(\"field orderAt is behind the present time\");\n});",
              "err": {},
              "uuid": "df7ece64-b467-4f8f-abd9-c22948e12083",
              "parentUUID": "1aca2a69-8c28-40b0-b1ad-576632f26a49",
              "isHook": false,
              "skipped": false
            },
            {
              "title": "POST/ Order should not create without lat and lng coordinates",
              "fullTitle": "ERROR CASES/ INVALID SCENARIOS POST/ Order should not create without lat and lng coordinates",
              "timedOut": false,
              "duration": 4,
              "state": "passed",
              "speed": "fast",
              "pass": true,
              "fail": false,
              "pending": false,
              "context": null,
              "code": "var data = {\n  stops: []\n};\nreturn request.post('orders').send(data).then(function (res) {\n  (0, _chai.expect)(res.status).is.equal(400);\n});",
              "err": {},
              "uuid": "0287e934-90c9-4086-99d7-83cdf05e1419",
              "parentUUID": "1aca2a69-8c28-40b0-b1ad-576632f26a49",
              "isHook": false,
              "skipped": false
            },
            {
              "title": "POST/ Validate behaviour with same coordinated of lat and lang",
              "fullTitle": "ERROR CASES/ INVALID SCENARIOS POST/ Validate behaviour with same coordinated of lat and lang",
              "timedOut": false,
              "duration": 83,
              "state": "passed",
              "speed": "slow",
              "pass": true,
              "fail": false,
              "pending": false,
              "context": null,
              "code": "var data = {\n  stops: [{\n    \"lat\": 22.385669,\n    \"lng\": 114.186962\n  }, {\n    \"lat\": 22.385669,\n    \"lng\": 114.186962\n  }, {\n    \"lat\": 22.385669,\n    \"lng\": 114.186962\n  }]\n};\nreturn request.post('orders').send(data).then(function (res) {\n  (0, _chai.expect)(res.status).is.equal(201);\n});",
              "err": {},
              "uuid": "546bdc6c-7140-4984-9da1-9cbd75cbf814",
              "parentUUID": "1aca2a69-8c28-40b0-b1ad-576632f26a49",
              "isHook": false,
              "skipped": false
            },
            {
              "title": "GET/ 404 for invalid order id while getting Assign order",
              "fullTitle": "ERROR CASES/ INVALID SCENARIOS GET/ 404 for invalid order id while getting Assign order",
              "timedOut": false,
              "duration": 4,
              "state": "passed",
              "speed": "fast",
              "pass": true,
              "fail": false,
              "pending": false,
              "context": null,
              "code": "return request.get(\"orders/-1\").then(function (res) {\n  (0, _chai.expect)(res.status).is.equal(404);\n});",
              "err": {},
              "uuid": "ef540eea-1722-41ba-ad7c-7441a266866f",
              "parentUUID": "1aca2a69-8c28-40b0-b1ad-576632f26a49",
              "isHook": false,
              "skipped": false
            },
            {
              "title": "PUT/ 404 for invalid Order id while take order",
              "fullTitle": "ERROR CASES/ INVALID SCENARIOS PUT/ 404 for invalid Order id while take order",
              "timedOut": false,
              "duration": 5,
              "state": "passed",
              "speed": "fast",
              "pass": true,
              "fail": false,
              "pending": false,
              "context": null,
              "code": "return request.put(\"orders/-2/take\").then(function (res) {\n  (0, _chai.expect)(res.status).is.equal(404);\n});",
              "err": {},
              "uuid": "3bb5c5bf-588f-4fea-93e4-6f2ef0107186",
              "parentUUID": "1aca2a69-8c28-40b0-b1ad-576632f26a49",
              "isHook": false,
              "skipped": false
            },
            {
              "title": "PUT/ 404 for invalid Order id while complete order",
              "fullTitle": "ERROR CASES/ INVALID SCENARIOS PUT/ 404 for invalid Order id while complete order",
              "timedOut": false,
              "duration": 4,
              "state": "passed",
              "speed": "fast",
              "pass": true,
              "fail": false,
              "pending": false,
              "context": null,
              "code": "return request.put(\"orders/-2/complete\").then(function (res) {\n  (0, _chai.expect)(res.status).is.equal(404);\n});",
              "err": {},
              "uuid": "366d102b-0935-4f0e-9862-451e8dca9f55",
              "parentUUID": "1aca2a69-8c28-40b0-b1ad-576632f26a49",
              "isHook": false,
              "skipped": false
            },
            {
              "title": "PUT/ 404 for invalid Order id while cancel order",
              "fullTitle": "ERROR CASES/ INVALID SCENARIOS PUT/ 404 for invalid Order id while cancel order",
              "timedOut": false,
              "duration": 4,
              "state": "passed",
              "speed": "fast",
              "pass": true,
              "fail": false,
              "pending": false,
              "context": null,
              "code": "return request.put(\"orders/-2/cancel\").then(function (res) {\n  (0, _chai.expect)(res.status).is.equal(404);\n});",
              "err": {},
              "uuid": "0f77a81a-0d3e-4503-b318-9d2ff9108da1",
              "parentUUID": "1aca2a69-8c28-40b0-b1ad-576632f26a49",
              "isHook": false,
              "skipped": false
            }
          ],
          "suites": [],
          "passes": [
            "df7ece64-b467-4f8f-abd9-c22948e12083",
            "0287e934-90c9-4086-99d7-83cdf05e1419",
            "546bdc6c-7140-4984-9da1-9cbd75cbf814",
            "ef540eea-1722-41ba-ad7c-7441a266866f",
            "3bb5c5bf-588f-4fea-93e4-6f2ef0107186",
            "366d102b-0935-4f0e-9862-451e8dca9f55",
            "0f77a81a-0d3e-4503-b318-9d2ff9108da1"
          ],
          "failures": [],
          "pending": [],
          "skipped": [],
          "duration": 109,
          "root": false,
          "rootEmpty": false,
          "_timeout": 2000
        }
      ],
      "passes": [],
      "failures": [],
      "pending": [],
      "skipped": [],
      "duration": 0,
      "root": true,
      "rootEmpty": true,
      "_timeout": 2000
    }
  ],
  "meta": {
    "mocha": {
      "version": "8.3.1"
    },
    "mochawesome": {
      "options": {
        "quiet": false,
        "reportFilename": "mochawesome",
        "saveHtml": true,
        "saveJson": true,
        "consoleReporter": "spec",
        "useInlineDiffs": false,
        "code": true
      },
      "version": "6.2.2"
    },
    "marge": {
      "options": null,
      "version": "5.2.0"
    }
  }
}