{
  "stats": {
    "suites": 6,
    "tests": 20,
    "passes": 20,
    "pending": 0,
    "failures": 0,
    "start": "2021-03-08T06:22:31.927Z",
    "end": "2021-03-08T06:22:33.293Z",
    "duration": 1366,
    "testsRegistered": 20,
    "passPercent": 100,
    "pendingPercent": 0,
    "other": 0,
    "hasOther": false,
    "skipped": 0,
    "hasSkipped": false
  },
  "results": [
    {
      "uuid": "8506d2c1-d867-4af8-9afe-0eec840be7aa",
      "title": "",
      "fullFile": "",
      "file": "",
      "beforeHooks": [],
      "afterHooks": [],
      "tests": [],
      "suites": [
        {
          "uuid": "62141a2e-287d-4173-967c-7eaba0035886",
          "title": "VALID TEST SCENARIOS",
          "fullFile": "/Users/mayureshkelhar/Documents/order-api/OrderFlow/test/orderflow.js",
          "file": "/test/orderflow.js",
          "beforeHooks": [],
          "afterHooks": [],
          "tests": [],
          "suites": [
            {
              "uuid": "dc95c947-d1ad-4f22-ab7c-b7b6a022ca05",
              "title": "CREATE AND COMPLETE ORDER",
              "fullFile": "/Users/mayureshkelhar/Documents/order-api/OrderFlow/test/orderflow.js",
              "file": "/test/orderflow.js",
              "beforeHooks": [],
              "afterHooks": [],
              "tests": [
                {
                  "title": "POST/ Order is CREATED",
                  "fullTitle": "VALID TEST SCENARIOS CREATE AND COMPLETE ORDER POST/ Order is CREATED",
                  "timedOut": false,
                  "duration": 391,
                  "state": "passed",
                  "speed": "slow",
                  "pass": true,
                  "fail": false,
                  "pending": false,
                  "context": null,
                  "code": "var data = {\n  stops: [{\n    \"lat\": 22.344674,\n    \"lng\": 114.124651\n  }, {\n    \"lat\": 22.375384,\n    \"lng\": 114.182446\n  }, {\n    \"lat\": 22.385669,\n    \"lng\": 114.186962\n  }]\n};\nreturn request.post('orders').send(data).then(function (res) {\n  (0, _chai.expect)(res.status).is.equal(201);\n  (0, _chai.expect)(res.body.id).is.not[\"null\"];\n  (0, _chai.expect)(res.body.drivingDistance).is.not[\"null\"];\n  (0, _chai.expect)(res.body.fare.amount).is.not[\"null\"];\n  (0, _chai.expect)(res.body.fare.currency).is.not[\"null\"];\n  _constant.orderData.orderid = res.body.id;\n  _constant.orderData.drivingDistance = res.body.drivingDistancesInMeters;\n  _constant.orderData.amount = res.body.fare.amount;\n  _constant.orderData.currency = res.body.fare.currency;\n});",
                  "err": {},
                  "uuid": "b86f434f-709d-4236-9a90-7a64f811b85c",
                  "parentUUID": "dc95c947-d1ad-4f22-ab7c-b7b6a022ca05",
                  "isHook": false,
                  "skipped": false
                },
                {
                  "title": "GET/ Order is ASSIGNED",
                  "fullTitle": "VALID TEST SCENARIOS CREATE AND COMPLETE ORDER GET/ Order is ASSIGNED",
                  "timedOut": false,
                  "duration": 10,
                  "state": "passed",
                  "speed": "fast",
                  "pass": true,
                  "fail": false,
                  "pending": false,
                  "context": null,
                  "code": "return request.get(\"orders/\".concat(_constant.orderData.orderid)).then(function (res) {\n  (0, _chai.expect)(res.status).is.equal(200);\n  (0, _chai.expect)(res.body.id).is.equal(_constant.orderData.orderid);\n  for (var distanceParams = 0; distanceParams < _constant.orderData.drivingDistance.length; distanceParams++) {\n    (0, _chai.expect)(res.body.drivingDistancesInMeters[distanceParams]).is.equal(_constant.orderData.drivingDistance[distanceParams]);\n  }\n  (0, _chai.expect)(res.body.fare.amount).is.equal(_constant.orderData.amount);\n  (0, _chai.expect)(res.body.fare.currency).is.equal(_constant.orderData.currency);\n  (0, _chai.expect)(res.body.status).is.equal(\"ASSIGNING\");\n  _constant.orderData.createdDate = res.body.createdTime;\n  _constant.orderData.orderDate = res.body.orderDateTime;\n  (0, _chai.expect)((0, _calculateFare.faresIsEqual)()).to.be[\"true\"];\n});",
                  "err": {},
                  "uuid": "0aceb259-cee1-41bc-a867-1e10ce192ca2",
                  "parentUUID": "dc95c947-d1ad-4f22-ab7c-b7b6a022ca05",
                  "isHook": false,
                  "skipped": false
                },
                {
                  "title": "PUT/ Order is ONGOING",
                  "fullTitle": "VALID TEST SCENARIOS CREATE AND COMPLETE ORDER PUT/ Order is ONGOING",
                  "timedOut": false,
                  "duration": 9,
                  "state": "passed",
                  "speed": "fast",
                  "pass": true,
                  "fail": false,
                  "pending": false,
                  "context": null,
                  "code": "return request.put(\"orders/\".concat(_constant.orderData.orderid, \"/take\")).then(function (res) {\n  (0, _chai.expect)(res.status).is.equal(200);\n  (0, _chai.expect)(res.body.id).is.equal(_constant.orderData.orderid);\n  (0, _chai.expect)(res.body.status).is.equal(\"ONGOING\");\n  (0, _chai.expect)(res.body.ongoingTime).is.not[\"null\"];\n});",
                  "err": {},
                  "uuid": "51fe2f65-73fc-42ba-8f8c-a72abfb0b9a4",
                  "parentUUID": "dc95c947-d1ad-4f22-ab7c-b7b6a022ca05",
                  "isHook": false,
                  "skipped": false
                },
                {
                  "title": "PUT/ Order is COMPLETED ",
                  "fullTitle": "VALID TEST SCENARIOS CREATE AND COMPLETE ORDER PUT/ Order is COMPLETED ",
                  "timedOut": false,
                  "duration": 7,
                  "state": "passed",
                  "speed": "fast",
                  "pass": true,
                  "fail": false,
                  "pending": false,
                  "context": null,
                  "code": "return request.put(\"orders/\".concat(_constant.orderData.orderid, \"/complete\")).then(function (res) {\n  (0, _chai.expect)(res.status).is.equal(200);\n  (0, _chai.expect)(res.body.id).is.equal(_constant.orderData.orderid);\n  (0, _chai.expect)(res.body.status).is.equal(\"COMPLETED\");\n  (0, _chai.expect)(res.body.completedAt).is.not[\"null\"];\n});",
                  "err": {},
                  "uuid": "919f1bdc-9036-4790-8573-5fab3df84c18",
                  "parentUUID": "dc95c947-d1ad-4f22-ab7c-b7b6a022ca05",
                  "isHook": false,
                  "skipped": false
                }
              ],
              "suites": [],
              "passes": [
                "b86f434f-709d-4236-9a90-7a64f811b85c",
                "0aceb259-cee1-41bc-a867-1e10ce192ca2",
                "51fe2f65-73fc-42ba-8f8c-a72abfb0b9a4",
                "919f1bdc-9036-4790-8573-5fab3df84c18"
              ],
              "failures": [],
              "pending": [],
              "skipped": [],
              "duration": 417,
              "root": false,
              "rootEmpty": false,
              "_timeout": 2000
            },
            {
              "uuid": "3145107b-58f0-4241-9f15-93349626211f",
              "title": "CANCELLED the ASSIGNED order",
              "fullFile": "/Users/mayureshkelhar/Documents/order-api/OrderFlow/test/orderflow.js",
              "file": "/test/orderflow.js",
              "beforeHooks": [],
              "afterHooks": [],
              "tests": [
                {
                  "title": "POST/ Order is CREATED",
                  "fullTitle": "VALID TEST SCENARIOS CANCELLED the ASSIGNED order POST/ Order is CREATED",
                  "timedOut": false,
                  "duration": 149,
                  "state": "passed",
                  "speed": "slow",
                  "pass": true,
                  "fail": false,
                  "pending": false,
                  "context": null,
                  "code": "var data = {\n  stops: [{\n    \"lat\": 22.344674,\n    \"lng\": 114.124651\n  }, {\n    \"lat\": 22.375384,\n    \"lng\": 114.182446\n  }]\n};\nreturn request.post('orders').send(data).then(function (res) {\n  (0, _chai.expect)(res.status).is.equal(201);\n  (0, _chai.expect)(res.body.id).is.not[\"null\"];\n  _constant.orderData.orderid = res.body.id;\n});",
                  "err": {},
                  "uuid": "a259310c-b365-43de-ad34-3b50562995f1",
                  "parentUUID": "3145107b-58f0-4241-9f15-93349626211f",
                  "isHook": false,
                  "skipped": false
                },
                {
                  "title": "GET/ Order is ASSIGNED",
                  "fullTitle": "VALID TEST SCENARIOS CANCELLED the ASSIGNED order GET/ Order is ASSIGNED",
                  "timedOut": false,
                  "duration": 8,
                  "state": "passed",
                  "speed": "fast",
                  "pass": true,
                  "fail": false,
                  "pending": false,
                  "context": null,
                  "code": "return request.get(\"orders/\".concat(_constant.orderData.orderid)).then(function (res) {\n  (0, _chai.expect)(res.status).is.equal(200);\n  (0, _chai.expect)(res.body.id).is.equal(_constant.orderData.orderid);\n  (0, _chai.expect)(res.body.status).is.equal(\"ASSIGNING\");\n});",
                  "err": {},
                  "uuid": "b4796a83-3691-44f5-b778-645145138aa5",
                  "parentUUID": "3145107b-58f0-4241-9f15-93349626211f",
                  "isHook": false,
                  "skipped": false
                },
                {
                  "title": "PUT/ Order is ASSIGNED-->CANCELLED",
                  "fullTitle": "VALID TEST SCENARIOS CANCELLED the ASSIGNED order PUT/ Order is ASSIGNED-->CANCELLED",
                  "timedOut": false,
                  "duration": 9,
                  "state": "passed",
                  "speed": "fast",
                  "pass": true,
                  "fail": false,
                  "pending": false,
                  "context": null,
                  "code": "return request.put(\"orders/\".concat(_constant.orderData.orderid, \"/cancel\")).then(function (res) {\n  (0, _chai.expect)(res.status).is.equal(200);\n  (0, _chai.expect)(res.body.id).is.equal(_constant.orderData.orderid);\n  (0, _chai.expect)(res.body.status).is.equal(\"CANCELLED\");\n  (0, _chai.expect)(res.body.cancelledAt).is.not[\"null\"];\n});",
                  "err": {},
                  "uuid": "4ef49b6a-fa97-43b1-9560-03271ec111c7",
                  "parentUUID": "3145107b-58f0-4241-9f15-93349626211f",
                  "isHook": false,
                  "skipped": false
                }
              ],
              "suites": [],
              "passes": [
                "a259310c-b365-43de-ad34-3b50562995f1",
                "b4796a83-3691-44f5-b778-645145138aa5",
                "4ef49b6a-fa97-43b1-9560-03271ec111c7"
              ],
              "failures": [],
              "pending": [],
              "skipped": [],
              "duration": 166,
              "root": false,
              "rootEmpty": false,
              "_timeout": 2000
            },
            {
              "uuid": "c5c399dd-1275-47ea-b82a-3818ab68770f",
              "title": "CANCELLED the ONGOING order",
              "fullFile": "/Users/mayureshkelhar/Documents/order-api/OrderFlow/test/orderflow.js",
              "file": "/test/orderflow.js",
              "beforeHooks": [],
              "afterHooks": [],
              "tests": [
                {
                  "title": "POST/ Order is CREATED",
                  "fullTitle": "VALID TEST SCENARIOS CANCELLED the ONGOING order POST/ Order is CREATED",
                  "timedOut": false,
                  "duration": 295,
                  "state": "passed",
                  "speed": "slow",
                  "pass": true,
                  "fail": false,
                  "pending": false,
                  "context": null,
                  "code": "var data = {\n  stops: [{\n    \"lat\": 22.344674,\n    \"lng\": 114.124651\n  }, {\n    \"lat\": 22.375384,\n    \"lng\": 114.182446\n  }]\n};\nreturn request.post('orders').send(data).then(function (res) {\n  (0, _chai.expect)(res.status).is.equal(201);\n  (0, _chai.expect)(res.body.id).is.not[\"null\"];\n  _constant.orderData.orderid = res.body.id;\n});",
                  "err": {},
                  "uuid": "29e2f2ea-75e8-4968-8656-16fee81a3735",
                  "parentUUID": "c5c399dd-1275-47ea-b82a-3818ab68770f",
                  "isHook": false,
                  "skipped": false
                },
                {
                  "title": "GET/ Order is ASSIGNED",
                  "fullTitle": "VALID TEST SCENARIOS CANCELLED the ONGOING order GET/ Order is ASSIGNED",
                  "timedOut": false,
                  "duration": 7,
                  "state": "passed",
                  "speed": "fast",
                  "pass": true,
                  "fail": false,
                  "pending": false,
                  "context": null,
                  "code": "return request.get(\"orders/\".concat(_constant.orderData.orderid)).then(function (res) {\n  (0, _chai.expect)(res.status).is.equal(200);\n  (0, _chai.expect)(res.body.id).is.equal(_constant.orderData.orderid);\n  (0, _chai.expect)(res.body.status).is.equal(\"ASSIGNING\");\n});",
                  "err": {},
                  "uuid": "3e8738cd-3e98-41a6-a668-0afe40490f37",
                  "parentUUID": "c5c399dd-1275-47ea-b82a-3818ab68770f",
                  "isHook": false,
                  "skipped": false
                },
                {
                  "title": "PUT/ Order is ONGOING",
                  "fullTitle": "VALID TEST SCENARIOS CANCELLED the ONGOING order PUT/ Order is ONGOING",
                  "timedOut": false,
                  "duration": 7,
                  "state": "passed",
                  "speed": "fast",
                  "pass": true,
                  "fail": false,
                  "pending": false,
                  "context": null,
                  "code": "return request.put(\"orders/\".concat(_constant.orderData.orderid, \"/take\")).then(function (res) {\n  (0, _chai.expect)(res.status).is.equal(200);\n  (0, _chai.expect)(res.body.id).is.equal(_constant.orderData.orderid);\n  (0, _chai.expect)(res.body.status).is.equal(\"ONGOING\");\n  (0, _chai.expect)(res.body.ongoingTime).is.not[\"null\"];\n});",
                  "err": {},
                  "uuid": "c9533fd6-66c6-4b3e-b067-31075dc6ddfe",
                  "parentUUID": "c5c399dd-1275-47ea-b82a-3818ab68770f",
                  "isHook": false,
                  "skipped": false
                },
                {
                  "title": "PUT/ Order is ONGOING->CANCELLED",
                  "fullTitle": "VALID TEST SCENARIOS CANCELLED the ONGOING order PUT/ Order is ONGOING->CANCELLED",
                  "timedOut": false,
                  "duration": 8,
                  "state": "passed",
                  "speed": "fast",
                  "pass": true,
                  "fail": false,
                  "pending": false,
                  "context": null,
                  "code": "return request.put(\"orders/\".concat(_constant.orderData.orderid, \"/cancel\")).then(function (res) {\n  (0, _chai.expect)(res.status).is.equal(200);\n  (0, _chai.expect)(res.body.id).is.equal(_constant.orderData.orderid);\n  (0, _chai.expect)(res.body.status).is.equal(\"CANCELLED\");\n  (0, _chai.expect)(res.body.cancelledAt).is.not[\"null\"];\n});",
                  "err": {},
                  "uuid": "3ee79789-3299-49ed-845c-a439db430715",
                  "parentUUID": "c5c399dd-1275-47ea-b82a-3818ab68770f",
                  "isHook": false,
                  "skipped": false
                }
              ],
              "suites": [],
              "passes": [
                "29e2f2ea-75e8-4968-8656-16fee81a3735",
                "3e8738cd-3e98-41a6-a668-0afe40490f37",
                "c9533fd6-66c6-4b3e-b067-31075dc6ddfe",
                "3ee79789-3299-49ed-845c-a439db430715"
              ],
              "failures": [],
              "pending": [],
              "skipped": [],
              "duration": 317,
              "root": false,
              "rootEmpty": false,
              "_timeout": 2000
            }
          ],
          "passes": [],
          "failures": [],
          "pending": [],
          "skipped": [],
          "duration": 0,
          "root": false,
          "rootEmpty": false,
          "_timeout": 2000
        },
        {
          "uuid": "b4f380b4-f672-444e-90b3-a3f35fd8a5b0",
          "title": "CREATE ADVANCE ORDER",
          "fullFile": "/Users/mayureshkelhar/Documents/order-api/OrderFlow/test/orderflow.js",
          "file": "/test/orderflow.js",
          "beforeHooks": [],
          "afterHooks": [],
          "tests": [
            {
              "title": "POST/ Order is CREATED",
              "fullTitle": "CREATE ADVANCE ORDER POST/ Order is CREATED",
              "timedOut": false,
              "duration": 198,
              "state": "passed",
              "speed": "slow",
              "pass": true,
              "fail": false,
              "pending": false,
              "context": null,
              "code": "var data = {\n  orderAt: _constant.advanceDate,\n  stops: [{\n    \"lat\": 22.344674,\n    \"lng\": 114.124651\n  }, {\n    \"lat\": 22.375384,\n    \"lng\": 114.182446\n  }]\n};\nreturn request.post('orders').send(data).then(function (res) {\n  (0, _chai.expect)(res.status).is.equal(201);\n  (0, _chai.expect)(res.body.id).is.not[\"null\"];\n  (0, _chai.expect)(res.body.drivingDistance).is.not[\"null\"];\n  (0, _chai.expect)(res.body.fare.amount).is.not[\"null\"];\n  (0, _chai.expect)(res.body.fare.currency).is.not[\"null\"];\n  _constant.orderData.orderid = res.body.id;\n  _constant.orderData.drivingDistance = res.body.drivingDistancesInMeters;\n  _constant.orderData.amount = res.body.fare.amount;\n  _constant.orderData.currency = res.body.fare.currency;\n});",
              "err": {},
              "uuid": "22fe09d0-d5aa-49cb-a908-db3381ec869e",
              "parentUUID": "b4f380b4-f672-444e-90b3-a3f35fd8a5b0",
              "isHook": false,
              "skipped": false
            },
            {
              "title": "GET/ Order is ASSIGNED",
              "fullTitle": "CREATE ADVANCE ORDER GET/ Order is ASSIGNED",
              "timedOut": false,
              "duration": 7,
              "state": "passed",
              "speed": "fast",
              "pass": true,
              "fail": false,
              "pending": false,
              "context": null,
              "code": "return request.get(\"orders/\".concat(_constant.orderData.orderid)).then(function (res) {\n  (0, _chai.expect)(res.status).is.equal(200);\n  (0, _chai.expect)(res.body.id).is.equal(_constant.orderData.orderid);\n  for (var distanceParams = 0; distanceParams < _constant.orderData.drivingDistance.length; distanceParams++) {\n    (0, _chai.expect)(res.body.drivingDistancesInMeters[distanceParams]).is.equal(_constant.orderData.drivingDistance[distanceParams]);\n  }\n  (0, _chai.expect)(res.body.fare.amount).is.equal(_constant.orderData.amount);\n  (0, _chai.expect)(res.body.fare.currency).is.equal(_constant.orderData.currency);\n  (0, _chai.expect)(res.body.status).is.equal(\"ASSIGNING\");\n  _constant.orderData.createdDate = res.body.createdTime;\n  _constant.orderData.orderDate = res.body.orderDateTime;\n  (0, _chai.expect)((0, _calculateFare.faresIsEqual)()).to.be[\"true\"];\n});",
              "err": {},
              "uuid": "8764f34c-bdd2-4cbc-a976-51c67af774cb",
              "parentUUID": "b4f380b4-f672-444e-90b3-a3f35fd8a5b0",
              "isHook": false,
              "skipped": false
            }
          ],
          "suites": [],
          "passes": [
            "22fe09d0-d5aa-49cb-a908-db3381ec869e",
            "8764f34c-bdd2-4cbc-a976-51c67af774cb"
          ],
          "failures": [],
          "pending": [],
          "skipped": [],
          "duration": 205,
          "root": false,
          "rootEmpty": false,
          "_timeout": 2000
        },
        {
          "uuid": "856f6cd2-7d39-45dd-b84d-c6bf20963a71",
          "title": "ERROR CASES/ INVALID SCENARIOS",
          "fullFile": "/Users/mayureshkelhar/Documents/order-api/OrderFlow/test/orderflow.js",
          "file": "/test/orderflow.js",
          "beforeHooks": [],
          "afterHooks": [],
          "tests": [
            {
              "title": "POST/ Back dated order should not created",
              "fullTitle": "ERROR CASES/ INVALID SCENARIOS POST/ Back dated order should not created",
              "timedOut": false,
              "duration": 4,
              "state": "passed",
              "speed": "fast",
              "pass": true,
              "fail": false,
              "pending": false,
              "context": null,
              "code": "var data = {\n  orderAt: \"2020-04-01T15:00:00.000Z\",\n  stops: [{\n    \"lat\": 22.344674,\n    \"lng\": 114.124651\n  }, {\n    \"lat\": 22.375384,\n    \"lng\": 114.182446\n  }]\n};\nreturn request.post('orders').send(data).then(function (res) {\n  (0, _chai.expect)(res.status).is.equal(400);\n  (0, _chai.expect)(res.body.message).is.equal(\"field orderAt is behind the present time\");\n});",
              "err": {},
              "uuid": "1a097e85-9692-4fcd-91fd-7c203b2fc4dc",
              "parentUUID": "856f6cd2-7d39-45dd-b84d-c6bf20963a71",
              "isHook": false,
              "skipped": false
            },
            {
              "title": "POST/ Order should not create without lat and lng coordinates",
              "fullTitle": "ERROR CASES/ INVALID SCENARIOS POST/ Order should not create without lat and lng coordinates",
              "timedOut": false,
              "duration": 4,
              "state": "passed",
              "speed": "fast",
              "pass": true,
              "fail": false,
              "pending": false,
              "context": null,
              "code": "var data = {\n  stops: []\n};\nreturn request.post('orders').send(data).then(function (res) {\n  (0, _chai.expect)(res.status).is.equal(400);\n});",
              "err": {},
              "uuid": "9dde5f09-34de-41fa-b633-3a82cba8a656",
              "parentUUID": "856f6cd2-7d39-45dd-b84d-c6bf20963a71",
              "isHook": false,
              "skipped": false
            },
            {
              "title": "POST/ Validate behaviour with same coordinated of lat and lang",
              "fullTitle": "ERROR CASES/ INVALID SCENARIOS POST/ Validate behaviour with same coordinated of lat and lang",
              "timedOut": false,
              "duration": 214,
              "state": "passed",
              "speed": "slow",
              "pass": true,
              "fail": false,
              "pending": false,
              "context": null,
              "code": "var data = {\n  stops: [{\n    \"lat\": 22.385669,\n    \"lng\": 114.186962\n  }, {\n    \"lat\": 22.385669,\n    \"lng\": 114.186962\n  }, {\n    \"lat\": 22.385669,\n    \"lng\": 114.186962\n  }]\n};\nreturn request.post('orders').send(data).then(function (res) {\n  (0, _chai.expect)(res.status).is.equal(201);\n});",
              "err": {},
              "uuid": "44c6d5a8-3e30-4a2b-b3e2-e099e4d476a4",
              "parentUUID": "856f6cd2-7d39-45dd-b84d-c6bf20963a71",
              "isHook": false,
              "skipped": false
            },
            {
              "title": "GET/ 404 for invalid order id while getting Assign order",
              "fullTitle": "ERROR CASES/ INVALID SCENARIOS GET/ 404 for invalid order id while getting Assign order",
              "timedOut": false,
              "duration": 5,
              "state": "passed",
              "speed": "fast",
              "pass": true,
              "fail": false,
              "pending": false,
              "context": null,
              "code": "return request.get(\"orders/-1\").then(function (res) {\n  (0, _chai.expect)(res.status).is.equal(404);\n});",
              "err": {},
              "uuid": "31c14e85-95df-45b0-9f50-2ec4d38850f7",
              "parentUUID": "856f6cd2-7d39-45dd-b84d-c6bf20963a71",
              "isHook": false,
              "skipped": false
            },
            {
              "title": "PUT/ 404 for invalid Order id while take order",
              "fullTitle": "ERROR CASES/ INVALID SCENARIOS PUT/ 404 for invalid Order id while take order",
              "timedOut": false,
              "duration": 6,
              "state": "passed",
              "speed": "fast",
              "pass": true,
              "fail": false,
              "pending": false,
              "context": null,
              "code": "return request.put(\"orders/-2/take\").then(function (res) {\n  (0, _chai.expect)(res.status).is.equal(404);\n});",
              "err": {},
              "uuid": "058ccd5e-5106-4dc8-ad8e-249b887dd33b",
              "parentUUID": "856f6cd2-7d39-45dd-b84d-c6bf20963a71",
              "isHook": false,
              "skipped": false
            },
            {
              "title": "PUT/ 404 for invalid Order id while complete order",
              "fullTitle": "ERROR CASES/ INVALID SCENARIOS PUT/ 404 for invalid Order id while complete order",
              "timedOut": false,
              "duration": 6,
              "state": "passed",
              "speed": "fast",
              "pass": true,
              "fail": false,
              "pending": false,
              "context": null,
              "code": "return request.put(\"orders/-2/complete\").then(function (res) {\n  (0, _chai.expect)(res.status).is.equal(404);\n});",
              "err": {},
              "uuid": "d512f9d2-3c47-417b-9a01-97f565f6b11b",
              "parentUUID": "856f6cd2-7d39-45dd-b84d-c6bf20963a71",
              "isHook": false,
              "skipped": false
            },
            {
              "title": "PUT/ 404 for invalid Order id while cancel order",
              "fullTitle": "ERROR CASES/ INVALID SCENARIOS PUT/ 404 for invalid Order id while cancel order",
              "timedOut": false,
              "duration": 4,
              "state": "passed",
              "speed": "fast",
              "pass": true,
              "fail": false,
              "pending": false,
              "context": null,
              "code": "return request.put(\"orders/-2/cancel\").then(function (res) {\n  (0, _chai.expect)(res.status).is.equal(404);\n});",
              "err": {},
              "uuid": "19b44a48-09b1-49d1-8e18-401076cd4544",
              "parentUUID": "856f6cd2-7d39-45dd-b84d-c6bf20963a71",
              "isHook": false,
              "skipped": false
            }
          ],
          "suites": [],
          "passes": [
            "1a097e85-9692-4fcd-91fd-7c203b2fc4dc",
            "9dde5f09-34de-41fa-b633-3a82cba8a656",
            "44c6d5a8-3e30-4a2b-b3e2-e099e4d476a4",
            "31c14e85-95df-45b0-9f50-2ec4d38850f7",
            "058ccd5e-5106-4dc8-ad8e-249b887dd33b",
            "d512f9d2-3c47-417b-9a01-97f565f6b11b",
            "19b44a48-09b1-49d1-8e18-401076cd4544"
          ],
          "failures": [],
          "pending": [],
          "skipped": [],
          "duration": 243,
          "root": false,
          "rootEmpty": false,
          "_timeout": 2000
        }
      ],
      "passes": [],
      "failures": [],
      "pending": [],
      "skipped": [],
      "duration": 0,
      "root": true,
      "rootEmpty": true,
      "_timeout": 2000
    }
  ],
  "meta": {
    "mocha": {
      "version": "8.3.1"
    },
    "mochawesome": {
      "options": {
        "quiet": false,
        "reportFilename": "mochawesome",
        "saveHtml": true,
        "saveJson": true,
        "consoleReporter": "spec",
        "useInlineDiffs": false,
        "code": true
      },
      "version": "6.2.2"
    },
    "marge": {
      "options": null,
      "version": "5.2.0"
    }
  }
}